2024-09-19 18:33:45,990 - INFO - This is an info message for the log.
2024-09-19 18:33:45,991 - WARNING - This is a warning message.
2024-09-19 18:33:45,991 - ERROR - This is an error message.
2024-09-19 18:33:45,996 - INFO - Started Running to 4, 5
2024-09-19 18:33:45,996 - INFO - Path: [(1, 0), (2, 0), (3, 0), (3, 1), (3, 2), (3, 3), [3, 4]]
2024-09-19 18:33:45,997 - INFO - [0, 0, 0, 0, 0]
2024-09-19 18:33:45,997 - INFO - [0, 0, 0, 0, 0]
2024-09-19 18:33:45,997 - INFO - [0, 0, 0, 0, 0]
2024-09-19 18:33:45,997 - INFO - [0, 0, 0, 0, 0]
2024-09-19 18:33:45,998 - INFO - 
2024-09-19 18:33:46,385 - INFO - Data 1 is 34
2024-09-19 18:33:58,908 - INFO - Path: []
2024-09-19 18:33:58,908 - INFO - [0, 1, 0, 0, 0]
2024-09-19 18:33:58,909 - INFO - [0, 0, 0, 0, 0]
2024-09-19 18:33:58,909 - INFO - [0, 0, 0, 0, 0]
2024-09-19 18:33:58,909 - INFO - [0, 0, 0, 0, 0]
2024-09-19 18:33:58,909 - INFO - 
2024-09-19 18:34:01,149 - INFO - Current Location Updated to 1 0
2024-09-19 18:34:01,555 - INFO - Data 1 is 53
2024-09-19 18:34:01,556 - INFO - Path: [(1, 0)]
2024-09-19 18:34:01,556 - INFO - [0, 1, 0, 0, 0]
2024-09-19 18:34:01,556 - INFO - [0, 0, 0, 0, 0]
2024-09-19 18:34:01,556 - INFO - [0, 0, 0, 0, 0]
2024-09-19 18:34:01,556 - INFO - [1, 0, 0, 0, 0]
2024-09-19 18:34:01,556 - INFO - 
2024-09-19 18:34:03,076 - INFO - Current Location Updated to 2 0
2024-09-19 18:34:03,453 - INFO - Data 1 is 25
2024-09-19 18:34:05,791 - INFO - Path: [(1, 0), (2, 0)]
2024-09-19 18:34:05,791 - INFO - [0, 1, 0, 0, 0]
2024-09-19 18:34:05,791 - INFO - [0, 0, 0, 0, 0]
2024-09-19 18:34:05,792 - INFO - [0, 0, 0, 0, 0]
2024-09-19 18:34:05,792 - INFO - [1, 0, 0, 0, 0]
2024-09-19 18:34:05,793 - INFO - 
2024-09-19 18:34:08,036 - INFO - Current Location Updated to 2 1
2024-09-19 18:34:08,449 - INFO - Data 1 is 59
2024-09-19 18:34:08,449 - INFO - Path: [(1, 0), (2, 0), (2, 1)]
2024-09-19 18:34:08,449 - INFO - [0, 1, 0, 0, 0]
2024-09-19 18:34:08,449 - INFO - [0, 0, 0, 0, 0]
2024-09-19 18:34:08,449 - INFO - [0, 0, 0, 1, 0]
2024-09-19 18:34:08,449 - INFO - [1, 0, 0, 0, 0]
2024-09-19 18:34:08,450 - INFO - 
2024-09-19 18:34:10,690 - INFO - Current Location Updated to 3 1
2024-09-19 18:34:11,133 - INFO - Data 1 is 88
2024-09-19 18:34:11,133 - INFO - Path: [(1, 0), (2, 0), (2, 1), (3, 1)]
2024-09-19 18:34:11,134 - INFO - [0, 1, 0, 0, 0]
2024-09-19 18:34:11,134 - INFO - [0, 0, 0, 0, 0]
2024-09-19 18:34:11,134 - INFO - [0, 0, 0, 1, 0]
2024-09-19 18:34:11,134 - INFO - [1, 0, 0, 0, 0]
2024-09-19 18:34:11,134 - INFO - 
2024-09-19 18:34:13,374 - INFO - Current Location Updated to 3 2
2024-09-19 18:34:13,759 - INFO - Data 1 is 32
2024-09-19 18:34:16,054 - INFO - Path: [(1, 0), (2, 0), (2, 1), (3, 1), (3, 2)]
2024-09-19 18:34:16,054 - INFO - [0, 1, 0, 0, 0]
2024-09-19 18:34:16,054 - INFO - [0, 0, 0, 0, 0]
2024-09-19 18:34:16,054 - INFO - [0, 0, 0, 1, 0]
2024-09-19 18:34:16,054 - INFO - [1, 0, 0, 1, 0]
2024-09-19 18:34:16,055 - INFO - 
2024-09-19 18:34:18,295 - INFO - Current Location Updated to 2 2
2024-09-19 18:34:18,933 - INFO - Data 1 is 0
2024-09-19 18:34:18,933 - INFO - Path: [(1, 0), (2, 0), (2, 1), (3, 1), (3, 2), (2, 2)]
2024-09-19 18:34:18,933 - INFO - [0, 1, 0, 0, 0]
2024-09-19 18:34:18,933 - INFO - [0, 0, 0, 0, 0]
2024-09-19 18:34:18,933 - INFO - [0, 0, 0, 1, 0]
2024-09-19 18:34:18,933 - INFO - [1, 0, 0, 1, 0]
2024-09-19 18:34:18,934 - INFO - 
2024-09-19 18:34:20,454 - INFO - Current Location Updated to 1 2
2024-09-19 18:34:21,092 - INFO - Data 1 is 0
2024-09-19 18:34:21,092 - INFO - Path: [(1, 0), (2, 0), (2, 1), (3, 1), (3, 2), (2, 2), (1, 2)]
2024-09-19 18:34:21,092 - INFO - [0, 1, 0, 0, 0]
2024-09-19 18:34:21,093 - INFO - [0, 0, 0, 0, 0]
2024-09-19 18:34:21,093 - INFO - [0, 0, 0, 1, 0]
2024-09-19 18:34:21,093 - INFO - [1, 0, 0, 1, 0]
2024-09-19 18:34:21,093 - INFO - 
2024-09-19 18:34:23,337 - INFO - Current Location Updated to 1 3
2024-09-19 18:34:23,766 - INFO - Data 1 is 59
2024-09-19 18:34:23,766 - INFO - Path: [(1, 0), (2, 0), (2, 1), (3, 1), (3, 2), (2, 2), (1, 2), (1, 3)]
2024-09-19 18:34:23,767 - INFO - [0, 1, 0, 0, 0]
2024-09-19 18:34:23,767 - INFO - [0, 0, 0, 0, 0]
2024-09-19 18:34:23,767 - INFO - [0, 0, 0, 1, 0]
2024-09-19 18:34:23,767 - INFO - [1, 0, 0, 1, 0]
2024-09-19 18:34:23,767 - INFO - 
2024-09-19 18:34:25,287 - INFO - Current Location Updated to 1 4
2024-09-19 18:34:25,724 - INFO - Data 1 is 82
2024-09-19 18:34:25,724 - INFO - Path: [(1, 0), (2, 0), (2, 1), (3, 1), (3, 2), (2, 2), (1, 2), (1, 3), (1, 4)]
2024-09-19 18:34:25,724 - INFO - [0, 1, 0, 0, 0]
2024-09-19 18:34:25,725 - INFO - [0, 0, 0, 0, 0]
2024-09-19 18:34:25,725 - INFO - [0, 0, 0, 1, 0]
2024-09-19 18:34:25,725 - INFO - [1, 0, 0, 1, 0]
2024-09-19 18:34:25,725 - INFO - 
2024-09-19 18:34:28,010 - INFO - Current Location Updated to 2 4
2024-09-19 18:34:28,593 - INFO - Data 1 is 84
2024-09-19 18:34:28,594 - INFO - Path: [(1, 0), (2, 0), (2, 1), (3, 1), (3, 2), (2, 2), (1, 2), (1, 3), (1, 4), (2, 4)]
2024-09-19 18:34:28,594 - INFO - [0, 1, 0, 0, 0]
2024-09-19 18:34:28,594 - INFO - [0, 0, 0, 0, 0]
2024-09-19 18:34:28,594 - INFO - [0, 0, 0, 1, 0]
2024-09-19 18:34:28,594 - INFO - [1, 0, 0, 1, 0]
2024-09-19 18:34:28,594 - INFO - 
2024-09-19 18:34:30,114 - INFO - Current Location Updated to 3 4
2024-09-19 18:34:30,206 - INFO - Path: [(1, 0), (2, 0), (2, 1), (3, 1), (3, 2), (2, 2), (1, 2), (1, 3), (1, 4), (2, 4), [3, 4]]
2024-09-19 18:34:30,206 - INFO - [0, 1, 0, 0, 0]
2024-09-19 18:34:30,206 - INFO - [0, 0, 0, 0, 0]
2024-09-19 18:34:30,206 - INFO - [0, 0, 0, 1, 0]
2024-09-19 18:34:30,206 - INFO - [1, 0, 0, 1, 0]
2024-09-19 18:34:30,207 - INFO - 
