2024-09-20 17:33:15,834 - INFO - This is an info message for the log.
2024-09-20 17:33:15,835 - WARNING - This is a warning message.
2024-09-20 17:33:15,835 - ERROR - This is an error message.
2024-09-20 17:33:15,840 - INFO - Started Running to 6, 4
2024-09-20 17:33:15,841 - INFO - Path: [(1, 0), (2, 0), (3, 0), (4, 0), (5, 0), (5, 1), (5, 2), [5, 3]]
2024-09-20 17:33:15,841 - INFO - [0, 0, 0, 0]
2024-09-20 17:33:15,841 - INFO - [0, 0, 0, 0]
2024-09-20 17:33:15,842 - INFO - [0, 0, 0, 0]
2024-09-20 17:33:15,842 - INFO - [0, 0, 0, 0]
2024-09-20 17:33:15,842 - INFO - [0, 0, 0, 0]
2024-09-20 17:33:15,842 - INFO - [0, 0, 0, 0]
2024-09-20 17:33:15,842 - INFO - 
2024-09-20 17:33:17,070 - INFO - Data 1 is 32
2024-09-20 17:33:29,888 - INFO - Path: []
2024-09-20 17:33:29,889 - INFO - [0, 1, 0, 0]
2024-09-20 17:33:29,889 - INFO - [0, 0, 0, 0]
2024-09-20 17:33:29,889 - INFO - [0, 0, 0, 0]
2024-09-20 17:33:29,889 - INFO - [0, 0, 0, 0]
2024-09-20 17:33:29,890 - INFO - [0, 0, 0, 0]
2024-09-20 17:33:29,890 - INFO - [0, 0, 0, 0]
2024-09-20 17:33:29,891 - INFO - 
2024-09-20 17:33:32,131 - INFO - Current Location Updated to 1 0
2024-09-20 17:33:33,426 - INFO - Data 1 is 53
2024-09-20 17:33:33,426 - INFO - Path: [(1, 0)]
2024-09-20 17:33:33,427 - INFO - [0, 1, 0, 0]
2024-09-20 17:33:33,427 - INFO - [0, 0, 0, 0]
2024-09-20 17:33:33,427 - INFO - [0, 0, 0, 0]
2024-09-20 17:33:33,427 - INFO - [1, 0, 0, 0]
2024-09-20 17:33:33,428 - INFO - [0, 0, 0, 0]
2024-09-20 17:33:33,428 - INFO - [0, 0, 0, 0]
2024-09-20 17:33:33,428 - INFO - 
2024-09-20 17:33:34,949 - INFO - Current Location Updated to 2 0
2024-09-20 17:33:36,164 - INFO - Data 1 is 29
2024-09-20 17:33:38,598 - INFO - Path: [(1, 0), (2, 0)]
2024-09-20 17:33:38,599 - INFO - [0, 1, 0, 0]
2024-09-20 17:33:38,599 - INFO - [0, 0, 0, 0]
2024-09-20 17:33:38,600 - INFO - [0, 0, 0, 0]
2024-09-20 17:33:38,600 - INFO - [1, 0, 0, 0]
2024-09-20 17:33:38,600 - INFO - [0, 0, 0, 0]
2024-09-20 17:33:38,600 - INFO - [0, 0, 0, 0]
2024-09-20 17:33:38,600 - INFO - 
2024-09-20 17:33:40,841 - INFO - Current Location Updated to 2 1
2024-09-20 17:33:42,332 - INFO - Data 1 is 90
2024-09-20 17:33:42,332 - INFO - Path: [(1, 0), (2, 0), (2, 1)]
2024-09-20 17:33:42,332 - INFO - [0, 1, 0, 0]
2024-09-20 17:33:42,333 - INFO - [0, 0, 0, 0]
2024-09-20 17:33:42,333 - INFO - [0, 0, 0, 0]
2024-09-20 17:33:42,333 - INFO - [1, 0, 0, 0]
2024-09-20 17:33:42,333 - INFO - [0, 0, 0, 0]
2024-09-20 17:33:42,333 - INFO - [0, 0, 0, 0]
2024-09-20 17:33:42,333 - INFO - 
2024-09-20 17:33:44,619 - INFO - Current Location Updated to 3 1
2024-09-20 17:33:46,029 - INFO - Data 1 is 89
2024-09-20 17:33:46,030 - INFO - Path: [(1, 0), (2, 0), (2, 1), (3, 1)]
2024-09-20 17:33:46,030 - INFO - [0, 1, 0, 0]
2024-09-20 17:33:46,030 - INFO - [0, 0, 0, 0]
2024-09-20 17:33:46,030 - INFO - [0, 0, 0, 0]
2024-09-20 17:33:46,030 - INFO - [1, 0, 0, 0]
2024-09-20 17:33:46,030 - INFO - [0, 0, 0, 0]
2024-09-20 17:33:46,030 - INFO - [0, 0, 0, 0]
2024-09-20 17:33:46,032 - INFO - 
2024-09-20 17:33:47,553 - INFO - Current Location Updated to 4 1
2024-09-20 17:33:48,869 - INFO - Data 1 is 60
2024-09-20 17:33:48,869 - INFO - Path: [(1, 0), (2, 0), (2, 1), (3, 1), (4, 1)]
2024-09-20 17:33:48,869 - INFO - [0, 1, 0, 0]
2024-09-20 17:33:48,869 - INFO - [0, 0, 0, 0]
2024-09-20 17:33:48,870 - INFO - [0, 0, 0, 0]
2024-09-20 17:33:48,870 - INFO - [1, 0, 0, 0]
2024-09-20 17:33:48,870 - INFO - [0, 0, 0, 0]
2024-09-20 17:33:48,870 - INFO - [0, 0, 0, 0]
2024-09-20 17:33:48,870 - INFO - 
2024-09-20 17:33:50,390 - INFO - Current Location Updated to 5 1
2024-09-20 17:33:51,624 - INFO - Data 1 is 34
2024-09-20 17:33:53,908 - INFO - Found Stop Sign
2024-09-20 17:33:58,908 - INFO - Path: [(1, 0), (2, 0), (2, 1), (3, 1), (4, 1), (5, 1)]
2024-09-20 17:33:58,908 - INFO - [0, 1, 0, 0]
2024-09-20 17:33:58,909 - INFO - [0, 0, 0, 0]
2024-09-20 17:33:58,909 - INFO - [0, 0, 0, 0]
2024-09-20 17:33:58,909 - INFO - [1, 0, 0, 0]
2024-09-20 17:33:58,909 - INFO - [0, 0, 0, 0]
2024-09-20 17:33:58,909 - INFO - [0, 0, 0, 0]
2024-09-20 17:33:58,909 - INFO - 
2024-09-20 17:34:01,150 - INFO - Current Location Updated to 5 2
2024-09-20 17:34:02,527 - INFO - Data 1 is 74
2024-09-20 17:34:02,528 - INFO - Path: [(1, 0), (2, 0), (2, 1), (3, 1), (4, 1), (5, 1), (5, 2)]
2024-09-20 17:34:02,528 - INFO - [0, 1, 0, 0]
2024-09-20 17:34:02,528 - INFO - [0, 0, 0, 0]
2024-09-20 17:34:02,528 - INFO - [0, 0, 0, 0]
2024-09-20 17:34:02,529 - INFO - [1, 0, 0, 0]
2024-09-20 17:34:02,529 - INFO - [0, 0, 0, 0]
2024-09-20 17:34:02,529 - INFO - [0, 0, 0, 0]
2024-09-20 17:34:02,529 - INFO - 
2024-09-20 17:34:04,049 - INFO - Current Location Updated to 5 3
2024-09-20 17:34:04,102 - INFO - Path: [(1, 0), (2, 0), (2, 1), (3, 1), (4, 1), (5, 1), (5, 2), [5, 3]]
2024-09-20 17:34:04,102 - INFO - [0, 1, 0, 0]
2024-09-20 17:34:04,102 - INFO - [0, 0, 0, 0]
2024-09-20 17:34:04,102 - INFO - [0, 0, 0, 0]
2024-09-20 17:34:04,102 - INFO - [1, 0, 0, 0]
2024-09-20 17:34:04,103 - INFO - [0, 0, 0, 0]
2024-09-20 17:34:04,103 - INFO - [0, 0, 0, 0]
2024-09-20 17:34:04,103 - INFO - 
